[debug] [2023-01-10T14:17:00.138Z] ----------------------------------------------------------------------
[debug] [2023-01-10T14:17:00.140Z] Command:       C:\Program Files\nodejs\node.exe C:\Users\Amol\AppData\Roaming\npm\node_modules\firebase-tools\lib\bin\firebase.js deploy
[debug] [2023-01-10T14:17:00.141Z] CLI Version:   11.19.0
[debug] [2023-01-10T14:17:00.141Z] Platform:      win32
[debug] [2023-01-10T14:17:00.141Z] Node Version:  v16.13.0
[debug] [2023-01-10T14:17:00.149Z] Time:          Tue Jan 10 2023 19:47:00 GMT+0530 (India Standard Time)
[debug] [2023-01-10T14:17:00.149Z] ----------------------------------------------------------------------
[debug] 
[debug] [2023-01-10T14:17:00.153Z] >>> [apiv2][query] GET https://firebase-public.firebaseio.com/cli.json [none]
[debug] [2023-01-10T14:17:00.248Z] > command requires scopes: ["email","openid","https://www.googleapis.com/auth/cloudplatformprojects.readonly","https://www.googleapis.com/auth/firebase","https://www.googleapis.com/auth/cloud-platform"]
[debug] [2023-01-10T14:17:00.249Z] > authorizing via signed-in user (kanchawadeamol18@gmail.com)
[debug] [2023-01-10T14:17:00.249Z] [iam] checking project movie-app-ak24 for permissions ["firebase.projects.get","firebasehosting.sites.update"]
[debug] [2023-01-10T14:17:00.250Z] > refreshing access token with scopes: []
[debug] [2023-01-10T14:17:00.251Z] >>> [apiv2][query] POST https://www.googleapis.com/oauth2/v3/token [none]
[debug] [2023-01-10T14:17:00.251Z] >>> [apiv2][body] POST https://www.googleapis.com/oauth2/v3/token [omitted]
[debug] [2023-01-10T14:17:00.503Z] <<< [apiv2][status] POST https://www.googleapis.com/oauth2/v3/token 200
[debug] [2023-01-10T14:17:00.504Z] <<< [apiv2][body] POST https://www.googleapis.com/oauth2/v3/token [omitted]
[debug] [2023-01-10T14:17:00.523Z] >>> [apiv2][query] POST https://cloudresourcemanager.googleapis.com/v1/projects/movie-app-ak24:testIamPermissions [none]
[debug] [2023-01-10T14:17:00.524Z] >>> [apiv2][(partial)header] POST https://cloudresourcemanager.googleapis.com/v1/projects/movie-app-ak24:testIamPermissions x-goog-quota-user=projects/movie-app-ak24
[debug] [2023-01-10T14:17:00.524Z] >>> [apiv2][body] POST https://cloudresourcemanager.googleapis.com/v1/projects/movie-app-ak24:testIamPermissions {"permissions":["firebase.projects.get","firebasehosting.sites.update"]}
[debug] [2023-01-10T14:17:00.871Z] <<< [apiv2][status] GET https://firebase-public.firebaseio.com/cli.json 200
[debug] [2023-01-10T14:17:00.872Z] <<< [apiv2][body] GET https://firebase-public.firebaseio.com/cli.json {"cloudBuildErrorAfter":1594252800000,"cloudBuildWarnAfter":1590019200000,"defaultNode10After":1594252800000,"minVersion":"3.0.5","node8DeploysDisabledAfter":1613390400000,"node8RuntimeDisabledAfter":1615809600000,"node8WarnAfter":1600128000000}
[debug] [2023-01-10T14:17:02.107Z] <<< [apiv2][status] POST https://cloudresourcemanager.googleapis.com/v1/projects/movie-app-ak24:testIamPermissions 200
[debug] [2023-01-10T14:17:02.108Z] <<< [apiv2][body] POST https://cloudresourcemanager.googleapis.com/v1/projects/movie-app-ak24:testIamPermissions {"permissions":["firebase.projects.get","firebasehosting.sites.update"]}
[debug] [2023-01-10T14:17:02.109Z] >>> [apiv2][query] GET https://firebase.googleapis.com/v1beta1/projects/movie-app-ak24 [none]
[debug] [2023-01-10T14:17:02.635Z] <<< [apiv2][status] GET https://firebase.googleapis.com/v1beta1/projects/movie-app-ak24 200
[debug] [2023-01-10T14:17:02.635Z] <<< [apiv2][body] GET https://firebase.googleapis.com/v1beta1/projects/movie-app-ak24 {"projectId":"movie-app-ak24","projectNumber":"855662812099","displayName":"movie-app","name":"projects/movie-app-ak24","resources":{"hostingSite":"movie-app-ak24"},"state":"ACTIVE","etag":"1_87bc26b2-6422-43ee-9776-5fd58ce3ffbb"}
[info] 
[info] === Deploying to 'movie-app-ak24'...
[info] 
[info] i  deploying hosting 
[debug] [2023-01-10T14:17:02.642Z] >>> [apiv2][query] POST https://firebasehosting.googleapis.com/v1beta1/projects/-/sites/movie-app-ak24/versions [none]
[debug] [2023-01-10T14:17:02.642Z] >>> [apiv2][body] POST https://firebasehosting.googleapis.com/v1beta1/projects/-/sites/movie-app-ak24/versions {"status":"CREATED","labels":{"deployment-tool":"cli-firebase"}}
[debug] [2023-01-10T14:17:04.669Z] <<< [apiv2][status] POST https://firebasehosting.googleapis.com/v1beta1/projects/-/sites/movie-app-ak24/versions 200
[debug] [2023-01-10T14:17:04.669Z] <<< [apiv2][body] POST https://firebasehosting.googleapis.com/v1beta1/projects/-/sites/movie-app-ak24/versions {"name":"projects/855662812099/sites/movie-app-ak24/versions/ab625866a743a7bd","status":"CREATED","config":{},"labels":{"deployment-tool":"cli-firebase"}}
